<?xml version="1.0" encoding="UTF-8" ?>
<testsuite tests="1" failures="0" name="runner.RunCucumberTest" time="6.874" errors="1" skipped="0">
  <properties>
[...]
</properties>
  <testcase classname="Receber o cupom desconto da qazando" name="Visualizar código de desconto" time="6.874">
    <error message="The step &apos;eu preencho meu e-mail&apos; and 2 other step(s) are undefined.
You can implement these steps using the snippet(s) below:

@Quando(&quot;eu preencho meu e-mail&quot;)
public void eu_preencho_meu_e_mail() {
    // Write code here that turns the phrase above into concrete actions
    throw new io.cucumber.java.PendingException();
}
@Quando(&quot;clico em ganhar cupom&quot;)
public void clico_em_ganhar_cupom() {
    // Write code here that turns the phrase above into concrete actions
    throw new io.cucumber.java.PendingException();
}
@Então(&quot;eu vejo o código de desconto&quot;)
public void eu_vejo_o_código_de_desconto() {
    // Write code here that turns the phrase above into concrete actions
    throw new io.cucumber.java.PendingException();
}
" type="io.cucumber.junit.UndefinedStepException">io.cucumber.junit.UndefinedStepException: The step &apos;eu preencho meu e-mail&apos; and 2 other step(s) are undefined.
You can implement these steps using the snippet(s) below:

@Quando(&quot;eu preencho meu e-mail&quot;)
public void eu_preencho_meu_e_mail() {
    // Write code here that turns the phrase above into concrete actions
    throw new io.cucumber.java.PendingException();
}
@Quando(&quot;clico em ganhar cupom&quot;)
public void clico_em_ganhar_cupom() {
    // Write code here that turns the phrase above into concrete actions
    throw new io.cucumber.java.PendingException();
}
@Então(&quot;eu vejo o código de desconto&quot;)
public void eu_vejo_o_código_de_desconto() {
    // Write code here that turns the phrase above into concrete actions
    throw new io.cucumber.java.PendingException();
}

</error>
    <system-err>SLF4J: Failed to load class &quot;org.slf4j.impl.StaticLoggerBinder&quot;.
SLF4J: Defaulting to no-operation (NOP) logger implementation
SLF4J: See http://www.slf4j.org/codes.html#StaticLoggerBinder for further details.
</system-err>
  </testcase>
</testsuite>